TRACE::2022-04-13.18:09:54::SCWBifWriter::Found the complete platform E:/pynqz2cam/design_1_wrapper/export/design_1_wrapper/design_1_wrapper.xpfm
TRACE::2022-04-13.18:09:54::SCWBifWriter::hardware databse : design_1_wrapper_1
TRACE::2022-04-13.18:09:54::SCWBifWriter::bitstream found in the design
TRACE::2022-04-13.18:09:54::SCWBifWriter::Found a baremetal domain, proc: ps7_cortexa9_0
TRACE::2022-04-13.18:09:54::SCWBifWriter::proc type : 
TRACE::2022-04-13.18:09:54::SCWBifWriter::proc[0] : ps7_cortexa9_0
TRACE::2022-04-13.18:09:54::SCWBifWriter::Device type is : zynq
TRACE::2022-04-13.18:09:54::SCWBifWriter::Writing BIF to file : E:/pynqz2cam/cam2hdmi_system/Debug/system.bif
TRACE::2022-04-13.18:09:54::SCWBifWriter::Writing the Zynq Baremetal bif 
TRACE::2022-04-13.18:19:55::SCWBifWriter::Found the complete platform E:/pynqz2cam/design_1_wrapper/export/design_1_wrapper/design_1_wrapper.xpfm
TRACE::2022-04-13.18:19:55::SCWBifWriter::hardware databse : design_1_wrapper
TRACE::2022-04-13.18:19:55::SCWBifWriter::bitstream found in the design
TRACE::2022-04-13.18:19:55::SCWBifWriter::Found a baremetal domain, proc: ps7_cortexa9_0
TRACE::2022-04-13.18:19:55::SCWBifWriter::proc type : 
TRACE::2022-04-13.18:19:55::SCWBifWriter::proc[0] : ps7_cortexa9_0
TRACE::2022-04-13.18:19:55::SCWBifWriter::Device type is : zynq
TRACE::2022-04-13.18:19:55::SCWBifWriter::Writing BIF to file : E:/pynqz2cam/cam2hdmi_system/Debug/system.bif
TRACE::2022-04-13.18:19:55::SCWBifWriter::Writing the Zynq Baremetal bif 
TRACE::2022-04-13.18:20:38::SCWBifWriter::Found the complete platform E:/pynqz2cam/design_1_wrapper/export/design_1_wrapper/design_1_wrapper.xpfm
TRACE::2022-04-13.18:20:38::SCWBifWriter::hardware databse : design_1_wrapper
TRACE::2022-04-13.18:20:38::SCWBifWriter::bitstream found in the design
TRACE::2022-04-13.18:20:38::SCWBifWriter::Found a baremetal domain, proc: ps7_cortexa9_0
TRACE::2022-04-13.18:20:38::SCWBifWriter::proc type : 
TRACE::2022-04-13.18:20:38::SCWBifWriter::proc[0] : ps7_cortexa9_0
TRACE::2022-04-13.18:20:38::SCWBifWriter::Device type is : zynq
TRACE::2022-04-13.18:20:38::SCWBifWriter::Writing BIF to file : E:/pynqz2cam/cam2hdmi_system/Debug/system.bif
TRACE::2022-04-13.18:20:38::SCWBifWriter::Writing the Zynq Baremetal bif 
TRACE::2022-04-13.18:21:21::SCWBifWriter::Found the complete platform E:/pynqz2cam/design_1_wrapper/export/design_1_wrapper/design_1_wrapper.xpfm
TRACE::2022-04-13.18:21:21::SCWBifWriter::hardware databse : design_1_wrapper
TRACE::2022-04-13.18:21:21::SCWBifWriter::bitstream found in the design
TRACE::2022-04-13.18:21:21::SCWBifWriter::Found a baremetal domain, proc: ps7_cortexa9_0
TRACE::2022-04-13.18:21:21::SCWBifWriter::proc type : 
TRACE::2022-04-13.18:21:21::SCWBifWriter::proc[0] : ps7_cortexa9_0
TRACE::2022-04-13.18:21:21::SCWBifWriter::Device type is : zynq
TRACE::2022-04-13.18:21:21::SCWBifWriter::Writing BIF to file : E:/pynqz2cam/cam2hdmi_system/Debug/system.bif
TRACE::2022-04-13.18:21:21::SCWBifWriter::Writing the Zynq Baremetal bif 
TRACE::2022-04-13.18:21:38::SCWBifWriter::Found the complete platform E:/pynqz2cam/design_1_wrapper/export/design_1_wrapper/design_1_wrapper.xpfm
TRACE::2022-04-13.18:21:38::SCWBifWriter::hardware databse : design_1_wrapper
TRACE::2022-04-13.18:21:38::SCWBifWriter::bitstream found in the design
TRACE::2022-04-13.18:21:38::SCWBifWriter::Found a baremetal domain, proc: ps7_cortexa9_0
TRACE::2022-04-13.18:21:38::SCWBifWriter::proc type : 
TRACE::2022-04-13.18:21:38::SCWBifWriter::proc[0] : ps7_cortexa9_0
TRACE::2022-04-13.18:21:38::SCWBifWriter::Device type is : zynq
TRACE::2022-04-13.18:21:38::SCWBifWriter::Writing BIF to file : E:/pynqz2cam/cam2hdmi_system/Debug/system.bif
TRACE::2022-04-13.18:21:38::SCWBifWriter::Writing the Zynq Baremetal bif 
TRACE::2022-04-13.18:29:48::SCWBifWriter::Found the complete platform E:/pynqz2cam/design_1_wrapper/export/design_1_wrapper/design_1_wrapper.xpfm
TRACE::2022-04-13.18:29:48::SCWBifWriter::hardware databse : design_1_wrapper_1
TRACE::2022-04-13.18:29:48::SCWBifWriter::bitstream found in the design
TRACE::2022-04-13.18:29:48::SCWBifWriter::Found a baremetal domain, proc: ps7_cortexa9_0
TRACE::2022-04-13.18:29:48::SCWBifWriter::proc type : 
TRACE::2022-04-13.18:29:48::SCWBifWriter::proc[0] : ps7_cortexa9_0
TRACE::2022-04-13.18:29:48::SCWBifWriter::Device type is : zynq
TRACE::2022-04-13.18:29:48::SCWBifWriter::Writing BIF to file : E:/pynqz2cam/cam2hdmi_system/Debug/system.bif
TRACE::2022-04-13.18:29:48::SCWBifWriter::Writing the Zynq Baremetal bif 
